<?xml version="1.0" encoding="UTF-8"?>
<coverage generated="1646206957337" clover="3.2.0">
  <project timestamp="1646206957337" name="All files">
    <metrics statements="29" coveredstatements="15" conditionals="0" coveredconditionals="0" methods="18" coveredmethods="6" elements="47" coveredelements="21" complexity="0" loc="29" ncloc="29" packages="1" files="3" classes="3"/>
    <file name="Employee.js" path="/mnt/c/Users/George/bootcamp/uw/10-OOP/02-Homework/lib/Employee.js">
      <metrics statements="8" coveredstatements="7" conditionals="0" coveredconditionals="0" methods="5" coveredmethods="4"/>
      <line num="4" count="5" type="stmt"/>
      <line num="5" count="5" type="stmt"/>
      <line num="6" count="5" type="stmt"/>
      <line num="11" count="1" type="stmt"/>
      <line num="16" count="1" type="stmt"/>
      <line num="21" count="1" type="stmt"/>
      <line num="26" count="0" type="stmt"/>
      <line num="31" count="1" type="stmt"/>
    </file>
    <file name="employee.js" path="/mnt/c/Users/George/bootcamp/uw/10-OOP/02-Homework/lib/employee.js">
      <metrics statements="8" coveredstatements="4" conditionals="0" coveredconditionals="0" methods="5" coveredmethods="1"/>
      <line num="4" count="1" type="stmt"/>
      <line num="5" count="1" type="stmt"/>
      <line num="6" count="1" type="stmt"/>
      <line num="11" count="0" type="stmt"/>
      <line num="16" count="0" type="stmt"/>
      <line num="21" count="0" type="stmt"/>
      <line num="26" count="0" type="stmt"/>
      <line num="31" count="1" type="stmt"/>
    </file>
    <file name="employeeTypes.js" path="/mnt/c/Users/George/bootcamp/uw/10-OOP/02-Homework/lib/employeeTypes.js">
      <metrics statements="13" coveredstatements="4" conditionals="0" coveredconditionals="0" methods="8" coveredmethods="1"/>
      <line num="1" count="1" type="stmt"/>
      <line num="6" count="1" type="stmt"/>
      <line num="7" count="1" type="stmt"/>
      <line num="10" count="0" type="stmt"/>
      <line num="13" count="0" type="stmt"/>
      <line num="21" count="0" type="stmt"/>
      <line num="23" count="0" type="stmt"/>
      <line num="28" count="0" type="stmt"/>
      <line num="33" count="0" type="stmt"/>
      <line num="41" count="0" type="stmt"/>
      <line num="43" count="0" type="stmt"/>
      <line num="48" count="0" type="stmt"/>
      <line num="52" count="1" type="stmt"/>
    </file>
  </project>
</coverage>
