{"/mnt/c/Users/George/bootcamp/uw/10-OOP/02-Homework/lib/EmployeeTypes.js": {"path":"/mnt/c/Users/George/bootcamp/uw/10-OOP/02-Homework/lib/EmployeeTypes.js","statementMap":{"0":{"start":{"line":1,"column":17},"end":{"line":1,"column":38}},"1":{"start":{"line":6,"column":8},"end":{"line":6,"column":32}},"2":{"start":{"line":7,"column":8},"end":{"line":7,"column":29}},"3":{"start":{"line":10,"column":8},"end":{"line":10,"column":27}},"4":{"start":{"line":13,"column":8},"end":{"line":13,"column":26}},"5":{"start":{"line":21,"column":8},"end":{"line":21,"column":32}},"6":{"start":{"line":23,"column":8},"end":{"line":23,"column":29}},"7":{"start":{"line":28,"column":8},"end":{"line":28,"column":27}},"8":{"start":{"line":33,"column":8},"end":{"line":33,"column":24}},"9":{"start":{"line":41,"column":8},"end":{"line":41,"column":32}},"10":{"start":{"line":43,"column":8},"end":{"line":43,"column":41}},"11":{"start":{"line":48,"column":8},"end":{"line":48,"column":25}},"12":{"start":{"line":52,"column":0},"end":{"line":52,"column":46}}},"fnMap":{"0":{"name":"(anonymous_0)","decl":{"start":{"line":5,"column":4},"end":{"line":5,"column":5}},"loc":{"start":{"line":5,"column":42},"end":{"line":8,"column":5}},"line":5},"1":{"name":"(anonymous_1)","decl":{"start":{"line":9,"column":4},"end":{"line":9,"column":5}},"loc":{"start":{"line":9,"column":17},"end":{"line":11,"column":5}},"line":9},"2":{"name":"(anonymous_2)","decl":{"start":{"line":12,"column":4},"end":{"line":12,"column":5}},"loc":{"start":{"line":12,"column":15},"end":{"line":14,"column":5}},"line":12},"3":{"name":"(anonymous_3)","decl":{"start":{"line":19,"column":4},"end":{"line":19,"column":5}},"loc":{"start":{"line":19,"column":42},"end":{"line":24,"column":5}},"line":19},"4":{"name":"(anonymous_4)","decl":{"start":{"line":27,"column":4},"end":{"line":27,"column":5}},"loc":{"start":{"line":27,"column":17},"end":{"line":29,"column":5}},"line":27},"5":{"name":"(anonymous_5)","decl":{"start":{"line":32,"column":4},"end":{"line":32,"column":5}},"loc":{"start":{"line":32,"column":15},"end":{"line":34,"column":5}},"line":32},"6":{"name":"(anonymous_6)","decl":{"start":{"line":39,"column":4},"end":{"line":39,"column":5}},"loc":{"start":{"line":39,"column":48},"end":{"line":44,"column":5}},"line":39},"7":{"name":"(anonymous_7)","decl":{"start":{"line":47,"column":4},"end":{"line":47,"column":5}},"loc":{"start":{"line":47,"column":15},"end":{"line":49,"column":5}},"line":47}},"branchMap":{},"s":{"0":1,"1":4,"2":4,"3":0,"4":4,"5":2,"6":2,"7":0,"8":2,"9":2,"10":2,"11":2,"12":1},"f":{"0":4,"1":0,"2":4,"3":2,"4":0,"5":2,"6":2,"7":2},"b":{},"_coverageSchema":"1a1c01bbd47fc00a2c39e90264f33305004495a9","hash":"ffaf5a27e56d1c5a476c1b806604144b57a00616"}
,"/mnt/c/Users/George/bootcamp/uw/10-OOP/02-Homework/lib/employee.js": {"path":"/mnt/c/Users/George/bootcamp/uw/10-OOP/02-Homework/lib/employee.js","statementMap":{"0":{"start":{"line":4,"column":8},"end":{"line":4,"column":25}},"1":{"start":{"line":5,"column":8},"end":{"line":5,"column":21}},"2":{"start":{"line":6,"column":8},"end":{"line":6,"column":27}},"3":{"start":{"line":11,"column":8},"end":{"line":11,"column":25}},"4":{"start":{"line":16,"column":8},"end":{"line":16,"column":23}},"5":{"start":{"line":21,"column":8},"end":{"line":21,"column":26}},"6":{"start":{"line":26,"column":8},"end":{"line":26,"column":26}},"7":{"start":{"line":31,"column":0},"end":{"line":31,"column":26}}},"fnMap":{"0":{"name":"(anonymous_0)","decl":{"start":{"line":3,"column":4},"end":{"line":3,"column":5}},"loc":{"start":{"line":3,"column":34},"end":{"line":7,"column":5}},"line":3},"1":{"name":"(anonymous_1)","decl":{"start":{"line":10,"column":4},"end":{"line":10,"column":5}},"loc":{"start":{"line":10,"column":15},"end":{"line":12,"column":5}},"line":10},"2":{"name":"(anonymous_2)","decl":{"start":{"line":15,"column":4},"end":{"line":15,"column":5}},"loc":{"start":{"line":15,"column":13},"end":{"line":17,"column":5}},"line":15},"3":{"name":"(anonymous_3)","decl":{"start":{"line":20,"column":4},"end":{"line":20,"column":5}},"loc":{"start":{"line":20,"column":16},"end":{"line":22,"column":5}},"line":20},"4":{"name":"(anonymous_4)","decl":{"start":{"line":25,"column":4},"end":{"line":25,"column":5}},"loc":{"start":{"line":25,"column":15},"end":{"line":27,"column":5}},"line":25}},"branchMap":{},"s":{"0":13,"1":13,"2":13,"3":0,"4":0,"5":0,"6":0,"7":1},"f":{"0":13,"1":0,"2":0,"3":0,"4":0},"b":{},"_coverageSchema":"1a1c01bbd47fc00a2c39e90264f33305004495a9","hash":"99f3aa2efd50efded972597d953439cedb0bb4ef"}
,"/mnt/c/Users/George/bootcamp/uw/10-OOP/02-Homework/lib/employeeTypes.js": {"path":"/mnt/c/Users/George/bootcamp/uw/10-OOP/02-Homework/lib/employeeTypes.js","statementMap":{"0":{"start":{"line":1,"column":17},"end":{"line":1,"column":38}},"1":{"start":{"line":6,"column":8},"end":{"line":6,"column":32}},"2":{"start":{"line":7,"column":8},"end":{"line":7,"column":29}},"3":{"start":{"line":10,"column":8},"end":{"line":10,"column":27}},"4":{"start":{"line":13,"column":8},"end":{"line":13,"column":26}},"5":{"start":{"line":21,"column":8},"end":{"line":21,"column":32}},"6":{"start":{"line":23,"column":8},"end":{"line":23,"column":29}},"7":{"start":{"line":28,"column":8},"end":{"line":28,"column":27}},"8":{"start":{"line":33,"column":8},"end":{"line":33,"column":24}},"9":{"start":{"line":41,"column":8},"end":{"line":41,"column":32}},"10":{"start":{"line":43,"column":8},"end":{"line":43,"column":41}},"11":{"start":{"line":48,"column":8},"end":{"line":48,"column":25}},"12":{"start":{"line":52,"column":0},"end":{"line":52,"column":46}}},"fnMap":{"0":{"name":"(anonymous_0)","decl":{"start":{"line":5,"column":4},"end":{"line":5,"column":5}},"loc":{"start":{"line":5,"column":42},"end":{"line":8,"column":5}},"line":5},"1":{"name":"(anonymous_1)","decl":{"start":{"line":9,"column":4},"end":{"line":9,"column":5}},"loc":{"start":{"line":9,"column":17},"end":{"line":11,"column":5}},"line":9},"2":{"name":"(anonymous_2)","decl":{"start":{"line":12,"column":4},"end":{"line":12,"column":5}},"loc":{"start":{"line":12,"column":15},"end":{"line":14,"column":5}},"line":12},"3":{"name":"(anonymous_3)","decl":{"start":{"line":19,"column":4},"end":{"line":19,"column":5}},"loc":{"start":{"line":19,"column":42},"end":{"line":24,"column":5}},"line":19},"4":{"name":"(anonymous_4)","decl":{"start":{"line":27,"column":4},"end":{"line":27,"column":5}},"loc":{"start":{"line":27,"column":17},"end":{"line":29,"column":5}},"line":27},"5":{"name":"(anonymous_5)","decl":{"start":{"line":32,"column":4},"end":{"line":32,"column":5}},"loc":{"start":{"line":32,"column":15},"end":{"line":34,"column":5}},"line":32},"6":{"name":"(anonymous_6)","decl":{"start":{"line":39,"column":4},"end":{"line":39,"column":5}},"loc":{"start":{"line":39,"column":48},"end":{"line":44,"column":5}},"line":39},"7":{"name":"(anonymous_7)","decl":{"start":{"line":47,"column":4},"end":{"line":47,"column":5}},"loc":{"start":{"line":47,"column":15},"end":{"line":49,"column":5}},"line":47}},"branchMap":{},"s":{"0":1,"1":3,"2":3,"3":0,"4":4,"5":1,"6":1,"7":0,"8":2,"9":1,"10":1,"11":2,"12":1},"f":{"0":3,"1":0,"2":4,"3":1,"4":0,"5":2,"6":1,"7":2},"b":{},"_coverageSchema":"1a1c01bbd47fc00a2c39e90264f33305004495a9","hash":"8dfb00fc3ae7337c5da46bfd861cf5207845be21"}
,"/mnt/c/Users/George/bootcamp/uw/10-OOP/02-Homework/lib/sources.js": {"path":"/mnt/c/Users/George/bootcamp/uw/10-OOP/02-Homework/lib/sources.js","statementMap":{"0":{"start":{"line":1,"column":21},"end":{"line":1,"column":132}},"1":{"start":{"line":2,"column":19},"end":{"line":2,"column":231}},"2":{"start":{"line":4,"column":1},"end":{"line":4,"column":44}}},"fnMap":{},"branchMap":{},"s":{"0":1,"1":1,"2":1},"f":{},"b":{},"_coverageSchema":"1a1c01bbd47fc00a2c39e90264f33305004495a9","hash":"7086d240ffb7b62e6ef83bb6cb0dd3e5bfd5b81f"}
,"/mnt/c/Users/George/bootcamp/uw/10-OOP/02-Homework/src/generate.js": {"path":"/mnt/c/Users/George/bootcamp/uw/10-OOP/02-Homework/src/generate.js","statementMap":{"0":{"start":{"line":1,"column":17},"end":{"line":1,"column":39}},"1":{"start":{"line":2,"column":38},"end":{"line":2,"column":55}},"2":{"start":{"line":3,"column":35},"end":{"line":3,"column":60}},"3":{"start":{"line":7,"column":14},"end":{"line":7,"column":16}},"4":{"start":{"line":8,"column":2},"end":{"line":31,"column":3}},"5":{"start":{"line":8,"column":14},"end":{"line":8,"column":15}},"6":{"start":{"line":9,"column":22},"end":{"line":9,"column":29}},"7":{"start":{"line":10,"column":4},"end":{"line":30,"column":5}},"8":{"start":{"line":12,"column":24},"end":{"line":12,"column":106}},"9":{"start":{"line":13,"column":21},"end":{"line":13,"column":36}},"10":{"start":{"line":14,"column":20},"end":{"line":14,"column":24}},"11":{"start":{"line":15,"column":8},"end":{"line":15,"column":130}},"12":{"start":{"line":17,"column":8},"end":{"line":17,"column":14}},"13":{"start":{"line":19,"column":25},"end":{"line":19,"column":102}},"14":{"start":{"line":20,"column":8},"end":{"line":20,"column":26}},"15":{"start":{"line":21,"column":8},"end":{"line":21,"column":21}},"16":{"start":{"line":22,"column":8},"end":{"line":22,"column":129}},"17":{"start":{"line":23,"column":8},"end":{"line":23,"column":14}},"18":{"start":{"line":25,"column":23},"end":{"line":25,"column":98}},"19":{"start":{"line":26,"column":8},"end":{"line":26,"column":26}},"20":{"start":{"line":27,"column":8},"end":{"line":27,"column":21}},"21":{"start":{"line":28,"column":8},"end":{"line":28,"column":119}},"22":{"start":{"line":29,"column":8},"end":{"line":29,"column":14}},"23":{"start":{"line":32,"column":2},"end":{"line":32,"column":23}},"24":{"start":{"line":35,"column":19},"end":{"line":51,"column":1}},"25":{"start":{"line":36,"column":2},"end":{"line":50,"column":3}},"26":{"start":{"line":55,"column":0},"end":{"line":77,"column":5}},"27":{"start":{"line":81,"column":0},"end":{"line":81,"column":34}}},"fnMap":{"0":{"name":"generateCards","decl":{"start":{"line":6,"column":9},"end":{"line":6,"column":22}},"loc":{"start":{"line":6,"column":29},"end":{"line":33,"column":1}},"line":6},"1":{"name":"(anonymous_1)","decl":{"start":{"line":35,"column":19},"end":{"line":35,"column":20}},"loc":{"start":{"line":35,"column":69},"end":{"line":51,"column":1}},"line":35},"2":{"name":"generateTeam","decl":{"start":{"line":53,"column":9},"end":{"line":53,"column":21}},"loc":{"start":{"line":53,"column":28},"end":{"line":78,"column":1}},"line":53}},"branchMap":{"0":{"loc":{"start":{"line":10,"column":4},"end":{"line":30,"column":5}},"type":"switch","locations":[{"start":{"line":11,"column":6},"end":{"line":17,"column":14}},{"start":{"line":18,"column":6},"end":{"line":23,"column":14}},{"start":{"line":24,"column":6},"end":{"line":29,"column":14}}],"line":10}},"s":{"0":1,"1":1,"2":1,"3":3,"4":3,"5":3,"6":8,"7":8,"8":2,"9":2,"10":2,"11":2,"12":2,"13":4,"14":4,"15":4,"16":4,"17":4,"18":2,"19":2,"20":2,"21":2,"22":2,"23":3,"24":1,"25":8,"26":3,"27":1},"f":{"0":3,"1":8,"2":3},"b":{"0":[2,4,2]},"_coverageSchema":"1a1c01bbd47fc00a2c39e90264f33305004495a9","hash":"00b37f905adc25a8926453371c97dc2d197f886b"}
}
