{"/Users/George/bootcamp/team-profile-generator/lib/employee.js": {"path":"/Users/George/bootcamp/team-profile-generator/lib/employee.js","statementMap":{"0":{"start":{"line":4,"column":8},"end":{"line":4,"column":25}},"1":{"start":{"line":5,"column":8},"end":{"line":5,"column":21}},"2":{"start":{"line":6,"column":8},"end":{"line":6,"column":27}},"3":{"start":{"line":11,"column":8},"end":{"line":11,"column":25}},"4":{"start":{"line":16,"column":8},"end":{"line":16,"column":23}},"5":{"start":{"line":21,"column":8},"end":{"line":21,"column":26}},"6":{"start":{"line":26,"column":8},"end":{"line":26,"column":26}},"7":{"start":{"line":31,"column":0},"end":{"line":31,"column":26}}},"fnMap":{"0":{"name":"(anonymous_0)","decl":{"start":{"line":3,"column":4},"end":{"line":3,"column":5}},"loc":{"start":{"line":3,"column":34},"end":{"line":7,"column":5}},"line":3},"1":{"name":"(anonymous_1)","decl":{"start":{"line":10,"column":4},"end":{"line":10,"column":5}},"loc":{"start":{"line":10,"column":15},"end":{"line":12,"column":5}},"line":10},"2":{"name":"(anonymous_2)","decl":{"start":{"line":15,"column":4},"end":{"line":15,"column":5}},"loc":{"start":{"line":15,"column":13},"end":{"line":17,"column":5}},"line":15},"3":{"name":"(anonymous_3)","decl":{"start":{"line":20,"column":4},"end":{"line":20,"column":5}},"loc":{"start":{"line":20,"column":16},"end":{"line":22,"column":5}},"line":20},"4":{"name":"(anonymous_4)","decl":{"start":{"line":25,"column":4},"end":{"line":25,"column":5}},"loc":{"start":{"line":25,"column":15},"end":{"line":27,"column":5}},"line":25}},"branchMap":{},"s":{"0":22,"1":22,"2":22,"3":1,"4":1,"5":1,"6":1,"7":3},"f":{"0":22,"1":1,"2":1,"3":1,"4":1},"b":{},"_coverageSchema":"1a1c01bbd47fc00a2c39e90264f33305004495a9","hash":"cc587891fbcb03afd3b1bd4dcd32c6c2a0f96a50"}
,"/Users/George/bootcamp/team-profile-generator/lib/employeeTypes.js": {"path":"/Users/George/bootcamp/team-profile-generator/lib/employeeTypes.js","statementMap":{"0":{"start":{"line":1,"column":17},"end":{"line":1,"column":38}},"1":{"start":{"line":6,"column":8},"end":{"line":6,"column":32}},"2":{"start":{"line":7,"column":8},"end":{"line":7,"column":29}},"3":{"start":{"line":10,"column":8},"end":{"line":10,"column":27}},"4":{"start":{"line":13,"column":8},"end":{"line":13,"column":26}},"5":{"start":{"line":21,"column":8},"end":{"line":21,"column":32}},"6":{"start":{"line":23,"column":8},"end":{"line":23,"column":29}},"7":{"start":{"line":28,"column":8},"end":{"line":28,"column":27}},"8":{"start":{"line":33,"column":8},"end":{"line":33,"column":24}},"9":{"start":{"line":41,"column":8},"end":{"line":41,"column":32}},"10":{"start":{"line":43,"column":8},"end":{"line":43,"column":41}},"11":{"start":{"line":48,"column":8},"end":{"line":48,"column":25}},"12":{"start":{"line":52,"column":0},"end":{"line":52,"column":46}}},"fnMap":{"0":{"name":"(anonymous_0)","decl":{"start":{"line":5,"column":4},"end":{"line":5,"column":5}},"loc":{"start":{"line":5,"column":42},"end":{"line":8,"column":5}},"line":5},"1":{"name":"(anonymous_1)","decl":{"start":{"line":9,"column":4},"end":{"line":9,"column":5}},"loc":{"start":{"line":9,"column":17},"end":{"line":11,"column":5}},"line":9},"2":{"name":"(anonymous_2)","decl":{"start":{"line":12,"column":4},"end":{"line":12,"column":5}},"loc":{"start":{"line":12,"column":15},"end":{"line":14,"column":5}},"line":12},"3":{"name":"(anonymous_3)","decl":{"start":{"line":19,"column":4},"end":{"line":19,"column":5}},"loc":{"start":{"line":19,"column":42},"end":{"line":24,"column":5}},"line":19},"4":{"name":"(anonymous_4)","decl":{"start":{"line":27,"column":4},"end":{"line":27,"column":5}},"loc":{"start":{"line":27,"column":17},"end":{"line":29,"column":5}},"line":27},"5":{"name":"(anonymous_5)","decl":{"start":{"line":32,"column":4},"end":{"line":32,"column":5}},"loc":{"start":{"line":32,"column":15},"end":{"line":34,"column":5}},"line":32},"6":{"name":"(anonymous_6)","decl":{"start":{"line":39,"column":4},"end":{"line":39,"column":5}},"loc":{"start":{"line":39,"column":48},"end":{"line":44,"column":5}},"line":39},"7":{"name":"(anonymous_7)","decl":{"start":{"line":47,"column":4},"end":{"line":47,"column":5}},"loc":{"start":{"line":47,"column":15},"end":{"line":49,"column":5}},"line":47}},"branchMap":{},"s":{"0":2,"1":8,"2":8,"3":0,"4":4,"5":4,"6":4,"7":0,"8":2,"9":4,"10":4,"11":2,"12":2},"f":{"0":8,"1":0,"2":4,"3":4,"4":0,"5":2,"6":4,"7":2},"b":{},"_coverageSchema":"1a1c01bbd47fc00a2c39e90264f33305004495a9","hash":"b43b56c000a83a5887c894e8b9f62d634877a9a2"}
,"/Users/George/bootcamp/team-profile-generator/lib/sources.js": {"path":"/Users/George/bootcamp/team-profile-generator/lib/sources.js","statementMap":{"0":{"start":{"line":1,"column":21},"end":{"line":1,"column":132}},"1":{"start":{"line":2,"column":19},"end":{"line":2,"column":231}}},"fnMap":{},"branchMap":{},"s":{"0":1,"1":1},"f":{},"b":{},"_coverageSchema":"1a1c01bbd47fc00a2c39e90264f33305004495a9","hash":"66a77075e88a2e5163643e3513cc3814b3ac924d"}
,"/Users/George/bootcamp/team-profile-generator/src/generate.js": {"path":"/Users/George/bootcamp/team-profile-generator/src/generate.js","statementMap":{"0":{"start":{"line":1,"column":17},"end":{"line":1,"column":39}},"1":{"start":{"line":2,"column":38},"end":{"line":2,"column":55}},"2":{"start":{"line":3,"column":16},"end":{"line":3,"column":41}},"3":{"start":{"line":7,"column":14},"end":{"line":7,"column":16}},"4":{"start":{"line":8,"column":2},"end":{"line":29,"column":3}},"5":{"start":{"line":8,"column":14},"end":{"line":8,"column":15}},"6":{"start":{"line":9,"column":22},"end":{"line":9,"column":29}},"7":{"start":{"line":10,"column":4},"end":{"line":28,"column":5}},"8":{"start":{"line":12,"column":24},"end":{"line":12,"column":106}},"9":{"start":{"line":13,"column":21},"end":{"line":13,"column":36}},"10":{"start":{"line":14,"column":8},"end":{"line":14,"column":118}},"11":{"start":{"line":16,"column":8},"end":{"line":16,"column":14}},"12":{"start":{"line":18,"column":25},"end":{"line":18,"column":102}},"13":{"start":{"line":19,"column":8},"end":{"line":19,"column":26}},"14":{"start":{"line":21,"column":8},"end":{"line":21,"column":117}},"15":{"start":{"line":22,"column":8},"end":{"line":22,"column":14}},"16":{"start":{"line":24,"column":23},"end":{"line":24,"column":98}},"17":{"start":{"line":25,"column":8},"end":{"line":25,"column":26}},"18":{"start":{"line":26,"column":8},"end":{"line":26,"column":107}},"19":{"start":{"line":27,"column":8},"end":{"line":27,"column":14}},"20":{"start":{"line":30,"column":2},"end":{"line":30,"column":23}},"21":{"start":{"line":33,"column":19},"end":{"line":49,"column":1}},"22":{"start":{"line":34,"column":2},"end":{"line":48,"column":3}},"23":{"start":{"line":53,"column":0},"end":{"line":75,"column":5}},"24":{"start":{"line":79,"column":0},"end":{"line":79,"column":34}}},"fnMap":{"0":{"name":"generateCards","decl":{"start":{"line":6,"column":9},"end":{"line":6,"column":22}},"loc":{"start":{"line":6,"column":29},"end":{"line":31,"column":1}},"line":6},"1":{"name":"(anonymous_1)","decl":{"start":{"line":33,"column":19},"end":{"line":33,"column":20}},"loc":{"start":{"line":33,"column":62},"end":{"line":49,"column":1}},"line":33},"2":{"name":"generateTeam","decl":{"start":{"line":51,"column":9},"end":{"line":51,"column":21}},"loc":{"start":{"line":51,"column":28},"end":{"line":76,"column":1}},"line":51}},"branchMap":{"0":{"loc":{"start":{"line":10,"column":4},"end":{"line":28,"column":5}},"type":"switch","locations":[{"start":{"line":11,"column":6},"end":{"line":16,"column":14}},{"start":{"line":17,"column":6},"end":{"line":22,"column":14}},{"start":{"line":23,"column":6},"end":{"line":27,"column":14}}],"line":10}},"s":{"0":1,"1":1,"2":1,"3":3,"4":3,"5":3,"6":8,"7":8,"8":2,"9":2,"10":2,"11":2,"12":4,"13":4,"14":4,"15":4,"16":2,"17":2,"18":2,"19":2,"20":3,"21":1,"22":8,"23":3,"24":1},"f":{"0":3,"1":8,"2":3},"b":{"0":[2,4,2]},"_coverageSchema":"1a1c01bbd47fc00a2c39e90264f33305004495a9","hash":"eb507ebccebde84a787c651dab496b20af92f46a"}
}
