TN:
SF:lib/EmployeeTypes.js
FN:5,(anonymous_0)
FN:9,(anonymous_1)
FN:12,(anonymous_2)
FN:19,(anonymous_3)
FN:27,(anonymous_4)
FN:32,(anonymous_5)
FN:39,(anonymous_6)
FN:47,(anonymous_7)
FNF:8
FNH:6
FNDA:4,(anonymous_0)
FNDA:0,(anonymous_1)
FNDA:4,(anonymous_2)
FNDA:2,(anonymous_3)
FNDA:0,(anonymous_4)
FNDA:2,(anonymous_5)
FNDA:2,(anonymous_6)
FNDA:2,(anonymous_7)
DA:1,1
DA:6,4
DA:7,4
DA:10,0
DA:13,4
DA:21,2
DA:23,2
DA:28,0
DA:33,2
DA:41,2
DA:43,2
DA:48,2
DA:52,1
LF:13
LH:11
BRF:0
BRH:0
end_of_record
TN:
SF:lib/employee.js
FN:3,(anonymous_0)
FN:10,(anonymous_1)
FN:15,(anonymous_2)
FN:20,(anonymous_3)
FN:25,(anonymous_4)
FNF:5
FNH:1
FNDA:13,(anonymous_0)
FNDA:0,(anonymous_1)
FNDA:0,(anonymous_2)
FNDA:0,(anonymous_3)
FNDA:0,(anonymous_4)
DA:4,13
DA:5,13
DA:6,13
DA:11,0
DA:16,0
DA:21,0
DA:26,0
DA:31,1
LF:8
LH:4
BRF:0
BRH:0
end_of_record
TN:
SF:lib/employeeTypes.js
FN:5,(anonymous_0)
FN:9,(anonymous_1)
FN:12,(anonymous_2)
FN:19,(anonymous_3)
FN:27,(anonymous_4)
FN:32,(anonymous_5)
FN:39,(anonymous_6)
FN:47,(anonymous_7)
FNF:8
FNH:6
FNDA:3,(anonymous_0)
FNDA:0,(anonymous_1)
FNDA:4,(anonymous_2)
FNDA:1,(anonymous_3)
FNDA:0,(anonymous_4)
FNDA:2,(anonymous_5)
FNDA:1,(anonymous_6)
FNDA:2,(anonymous_7)
DA:1,1
DA:6,3
DA:7,3
DA:10,0
DA:13,4
DA:21,1
DA:23,1
DA:28,0
DA:33,2
DA:41,1
DA:43,1
DA:48,2
DA:52,1
LF:13
LH:11
BRF:0
BRH:0
end_of_record
TN:
SF:lib/sources.js
FNF:0
FNH:0
DA:1,1
DA:2,1
DA:4,1
LF:3
LH:3
BRF:0
BRH:0
end_of_record
TN:
SF:src/generate.js
FN:6,generateCards
FN:35,(anonymous_1)
FN:53,generateTeam
FNF:3
FNH:3
FNDA:3,generateCards
FNDA:8,(anonymous_1)
FNDA:3,generateTeam
DA:1,1
DA:2,1
DA:3,1
DA:7,3
DA:8,3
DA:9,8
DA:10,8
DA:12,2
DA:13,2
DA:14,2
DA:15,2
DA:17,2
DA:19,4
DA:20,4
DA:21,4
DA:22,4
DA:23,4
DA:25,2
DA:26,2
DA:27,2
DA:28,2
DA:29,2
DA:32,3
DA:35,1
DA:36,8
DA:55,3
DA:81,1
LF:27
LH:27
BRDA:10,0,0,2
BRDA:10,0,1,4
BRDA:10,0,2,2
BRF:3
BRH:3
end_of_record
